Using pre-set license
Built from '2022.1/staging' branch; Version is '2022.1.23f1 (9636b062134a) revision 9844400'; Using compiler version '192829333'; Build Type 'Release'
OS: 'Windows 10  (10.0.19045) 64bit Enterprise' Language: 'en' Physical Memory: 32452 MB
BatchMode: 1, IsHumanControllingUs: 0, StartBugReporterOnCrash: 0, Is64bit: 1, IsPro: 1

COMMAND LINE ARGUMENTS:
C:\Program Files\Unity\Hub\Editor\2022.1.23f1\Editor\Unity.exe
-adb2
-batchMode
-noUpm
-name
AssetImportWorker3
-projectPath
C:/Users/xz18677/ID_Gun
-logFile
Logs/AssetImportWorker3.log
-srvPort
58376
Successfully changed project path to: C:/Users/xz18677/ID_Gun
C:/Users/xz18677/ID_Gun
[UnityMemory] Configuration Parameters - Can be set up in boot.config
    "memorysetup-bucket-allocator-granularity=16"
    "memorysetup-bucket-allocator-bucket-count=8"
    "memorysetup-bucket-allocator-block-size=33554432"
    "memorysetup-bucket-allocator-block-count=8"
    "memorysetup-main-allocator-block-size=16777216"
    "memorysetup-thread-allocator-block-size=16777216"
    "memorysetup-gfx-main-allocator-block-size=16777216"
    "memorysetup-gfx-thread-allocator-block-size=16777216"
    "memorysetup-cache-allocator-block-size=4194304"
    "memorysetup-typetree-allocator-block-size=2097152"
    "memorysetup-profiler-bucket-allocator-granularity=16"
    "memorysetup-profiler-bucket-allocator-bucket-count=8"
    "memorysetup-profiler-bucket-allocator-block-size=33554432"
    "memorysetup-profiler-bucket-allocator-block-count=8"
    "memorysetup-profiler-allocator-block-size=16777216"
    "memorysetup-profiler-editor-allocator-block-size=1048576"
    "memorysetup-temp-allocator-size-main=16777216"
    "memorysetup-job-temp-allocator-block-size=2097152"
    "memorysetup-job-temp-allocator-block-size-background=1048576"
    "memorysetup-job-temp-allocator-reduction-small-platforms=262144"
    "memorysetup-temp-allocator-size-background-worker=32768"
    "memorysetup-temp-allocator-size-job-worker=262144"
    "memorysetup-temp-allocator-size-preload-manager=33554432"
    "memorysetup-temp-allocator-size-nav-mesh-worker=65536"
    "memorysetup-temp-allocator-size-audio-worker=65536"
    "memorysetup-temp-allocator-size-cloud-worker=32768"
    "memorysetup-temp-allocator-size-gi-baking-worker=262144"
    "memorysetup-temp-allocator-size-gfx=262144"
Refreshing native plugins compatible for Editor in 69.19 ms, found 3 plugins.
Preloading 0 native plugins for Editor in 0.00 ms.
Initialize engine version: 2022.1.23f1 (9636b062134a)
[Subsystems] Discovering subsystems at path C:/Program Files/Unity/Hub/Editor/2022.1.23f1/Editor/Data/Resources/UnitySubsystems
[Subsystems] Discovering subsystems at path C:/Users/xz18677/ID_Gun/Assets
GfxDevice: creating device client; threaded=0; jobified=0
Direct3D:
    Version:  Direct3D 11.0 [level 11.1]
    Renderer: NVIDIA GeForce MX550 (ID=0x1f9f)
    Vendor:   NVIDIA
    VRAM:     1919 MB
    Driver:   31.0.15.3645
Initialize mono
Mono path[0] = 'C:/Program Files/Unity/Hub/Editor/2022.1.23f1/Editor/Data/Managed'
Mono path[1] = 'C:/Program Files/Unity/Hub/Editor/2022.1.23f1/Editor/Data/MonoBleedingEdge/lib/mono/unityjit-win32'
Mono config path = 'C:/Program Files/Unity/Hub/Editor/2022.1.23f1/Editor/Data/MonoBleedingEdge/etc'
Using monoOptions --debugger-agent=transport=dt_socket,embedding=1,server=y,suspend=n,address=127.0.0.1:56936
Begin MonoManager ReloadAssembly
Registering precompiled unity dll's ...
Register platform support module: C:/Program Files/Unity/Hub/Editor/2022.1.23f1/Editor/Data/PlaybackEngines/WebGLSupport/UnityEditor.WebGL.Extensions.dll
Register platform support module: C:/Program Files/Unity/Hub/Editor/2022.1.23f1/Editor/Data/PlaybackEngines/MacStandaloneSupport/UnityEditor.OSXStandalone.Extensions.dll
Register platform support module: C:/Program Files/Unity/Hub/Editor/2022.1.23f1/Editor/Data/PlaybackEngines/AndroidPlayer/UnityEditor.Android.Extensions.dll
Register platform support module: C:/Program Files/Unity/Hub/Editor/2022.1.23f1/Editor/Data/PlaybackEngines/iOSSupport/UnityEditor.iOS.Extensions.dll
Register platform support module: C:/Program Files/Unity/Hub/Editor/2022.1.23f1/Editor/Data/PlaybackEngines/WindowsStandaloneSupport/UnityEditor.WindowsStandalone.Extensions.dll
Register platform support module: C:/Program Files/Unity/Hub/Editor/2022.1.23f1/Editor/Data/PlaybackEngines/LinuxStandaloneSupport/UnityEditor.LinuxStandalone.Extensions.dll
Registered in 0.010693 seconds.
Native extension for LinuxStandalone target not found
Native extension for WindowsStandalone target not found
[usbmuxd] Start listen thread
[usbmuxd] Listen thread started
Native extension for iOS target not found
Native extension for Android target not found
Native extension for OSXStandalone target not found
Native extension for WebGL target not found
Refreshing native plugins compatible for Editor in 69.35 ms, found 3 plugins.
Preloading 0 native plugins for Editor in 0.00 ms.
Mono: successfully reloaded assembly
- Completed reload, in  0.576 seconds
Domain Reload Profiling:
	ReloadAssembly (576ms)
		BeginReloadAssembly (62ms)
			ExecutionOrderSort (0ms)
			DisableScriptedObjects (0ms)
			BackupInstance (0ms)
			ReleaseScriptingObjects (0ms)
			CreateAndSetChildDomain (1ms)
		EndReloadAssembly (423ms)
			LoadAssemblies (61ms)
			RebuildTransferFunctionScriptingTraits (0ms)
			SetupTypeCache (90ms)
				TypeCache.Initialize (89ms)
					TypeCache.ScanAssembly (88ms)
				ResolveRequiredComponents (0ms)
			ReleaseScriptCaches (0ms)
			RebuildScriptCaches (18ms)
			SetupLoadedEditorAssemblies (268ms)
				LogAssemblyErrors (0ms)
				InitializePlatformSupportModulesInManaged (82ms)
				SetLoadedEditorAssemblies (14ms)
				RefreshPlugins (69ms)
				BeforeProcessingInitializeOnLoad (1ms)
				ProcessInitializeOnLoadAttributes (73ms)
				ProcessInitializeOnLoadMethodAttributes (29ms)
				AfterProcessingInitializeOnLoad (0ms)
				EditorAssembliesLoaded (0ms)
			ExecutionOrderSort2 (0ms)
			AwakeInstancesAfterBackupRestoration (0ms)
Platform modules already initialized, skipping
Registering precompiled user dll's ...
Registered in 0.007559 seconds.
Begin MonoManager ReloadAssembly
Symbol file LoadedFromMemory doesn't match image C:\Users\xz18677\ID_Gun\Library\PackageCache\com.unity.visualscripting@1.7.8\Editor\VisualScripting.Core\Dependencies\YamlDotNet\Unity.VisualScripting.YamlDotNet.dll
Symbol file LoadedFromMemory doesn't match image C:\Users\xz18677\ID_Gun\Library\PackageCache\com.unity.visualscripting@1.7.8\Editor\VisualScripting.Core\Dependencies\DotNetZip\Unity.VisualScripting.IonicZip.dll
Native extension for LinuxStandalone target not found
Native extension for WindowsStandalone target not found
Native extension for iOS target not found
Native extension for Android target not found
Native extension for OSXStandalone target not found
Native extension for WebGL target not found
Refreshing native plugins compatible for Editor in 0.43 ms, found 3 plugins.
Preloading 0 native plugins for Editor in 0.00 ms.
Mono: successfully reloaded assembly
- Completed reload, in  0.953 seconds
Domain Reload Profiling:
	ReloadAssembly (954ms)
		BeginReloadAssembly (205ms)
			ExecutionOrderSort (0ms)
			DisableScriptedObjects (6ms)
			BackupInstance (0ms)
			ReleaseScriptingObjects (0ms)
			CreateAndSetChildDomain (126ms)
		EndReloadAssembly (684ms)
			LoadAssemblies (57ms)
			RebuildTransferFunctionScriptingTraits (0ms)
			SetupTypeCache (240ms)
				TypeCache.Initialize (237ms)
					TypeCache.ScanAssembly (234ms)
				ResolveRequiredComponents (2ms)
			ReleaseScriptCaches (0ms)
			RebuildScriptCaches (42ms)
			SetupLoadedEditorAssemblies (295ms)
				LogAssemblyErrors (0ms)
				InitializePlatformSupportModulesInManaged (28ms)
				SetLoadedEditorAssemblies (5ms)
				RefreshPlugins (1ms)
				BeforeProcessingInitializeOnLoad (57ms)
				ProcessInitializeOnLoadAttributes (180ms)
				ProcessInitializeOnLoadMethodAttributes (18ms)
				AfterProcessingInitializeOnLoad (6ms)
				EditorAssembliesLoaded (0ms)
			ExecutionOrderSort2 (0ms)
			AwakeInstancesAfterBackupRestoration (5ms)
Platform modules already initialized, skipping
========================================================================
Worker process is ready to serve import requests
Launched and connected shader compiler UnityShaderCompiler.exe after 0.04 seconds
Refreshing native plugins compatible for Editor in 0.45 ms, found 3 plugins.
Preloading 0 native plugins for Editor in 0.00 ms.
Unloading 3385 Unused Serialized files (Serialized files now loaded: 0)
Unloading 26 unused Assets / (58.2 KB). Loaded Objects now: 3848.
Memory consumption went from 0.51 GB to 0.51 GB.
Total: 2.910700 ms (FindLiveObjects: 0.174300 ms CreateObjectMapping: 0.065000 ms MarkObjects: 2.601800 ms  DeleteObjects: 0.068600 ms)

AssetImportParameters requested are different than current active one (requested -> active):
  custom:video-decoder-ogg-theora: a1e56fd34408186e4bbccfd4996cb3dc -> 
  custom:container-muxer-webm: aa71ff27fc2769a1b78a27578f13a17b -> 
  custom:container-demuxer-webm: 4f35f7cbe854078d1ac9338744f61a02 -> 
  custom:video-encoder-webm-vp8: eb34c28f22e8b96e1ab97ce403110664 -> 
  custom:video-codec-MediaFoundation-h265: 746d11721c4dcdbdad8f713fa42b33f4 -> 
  custom:audio-encoder-webm-vorbis: bf7c407c2cedff20999df2af8eb42d56 -> 
  custom:framework-win-MediaFoundation: 216162199b28c13a410421893ffa2e32 -> 
  custom:container-demuxer-ogg: 62fdf1f143b41e24485cea50d1cbac27 -> 
  custom:video-decoder-webm-vp8: 9c59270c3fd7afecdb556c50c9e8de78 -> 
  custom:audio-decoder-ogg-vorbis: bf7c407c2cedff20999df2af8eb42d56 -> 
========================================================================
Received Import Request.
  Time since last request: 26899.253237 seconds.
  path: Assets/textures/Testing/BeachBallColor.jpg
  artifactKey: Guid(e086606bed36fc04c9cf4ce8df2a1bff) Importer(815301076,1909f56bfc062723c751e8b465ee728b)
Start importing Assets/textures/Testing/BeachBallColor.jpg using Guid(e086606bed36fc04c9cf4ce8df2a1bff) Importer(815301076,1909f56bfc062723c751e8b465ee728b)  -> (artifact id: 'ae6973966bb5159c8cc91534ebc87b7e') in 0.103316 seconds 
========================================================================
Received Import Request.
  Time since last request: 0.000022 seconds.
  path: Assets/Materials/Particles/Explosives and Projectiles/BigGlow/bigglow_yellow.mat
  artifactKey: Guid(1c23f7bae11a3634ab8c1952d378c62a) Importer(815301076,1909f56bfc062723c751e8b465ee728b)
Start importing Assets/Materials/Particles/Explosives and Projectiles/BigGlow/bigglow_yellow.mat using Guid(1c23f7bae11a3634ab8c1952d378c62a) Importer(815301076,1909f56bfc062723c751e8b465ee728b)  -> (artifact id: '7913b0c8d7a4ca9bef02dc7e61050a1f') in 0.077591 seconds 
========================================================================
Received Import Request.
  Time since last request: 0.000018 seconds.
  path: Assets/Materials/Environment/GameOver/Bronze.mat
  artifactKey: Guid(15487d19d69746f429e6244c0e688c58) Importer(815301076,1909f56bfc062723c751e8b465ee728b)
Start importing Assets/Materials/Environment/GameOver/Bronze.mat using Guid(15487d19d69746f429e6244c0e688c58) Importer(815301076,1909f56bfc062723c751e8b465ee728b)  -> (artifact id: '7790ca12774afee465c3c85d663315a8') in 0.032543 seconds 
========================================================================
Received Import Request.
  Time since last request: 0.000026 seconds.
  path: Assets/Materials/Technical/BurnableBaseMaterial.mat
  artifactKey: Guid(9657dbfa163fe4856831a74b137d15b1) Importer(815301076,1909f56bfc062723c751e8b465ee728b)
Start importing Assets/Materials/Technical/BurnableBaseMaterial.mat using Guid(9657dbfa163fe4856831a74b137d15b1) Importer(815301076,1909f56bfc062723c751e8b465ee728b)  -> (artifact id: 'f5ed34042ffab03f2bf47d61ebb99ff4') in 0.024798 seconds 
========================================================================
Received Import Request.
  Time since last request: 0.000032 seconds.
  path: Assets/Audio/Explosions/HomeMadeLibrary/cratebust2.wav
  artifactKey: Guid(c861406927254a84aba4624312202291) Importer(815301076,1909f56bfc062723c751e8b465ee728b)
Start importing Assets/Audio/Explosions/HomeMadeLibrary/cratebust2.wav using Guid(c861406927254a84aba4624312202291) Importer(815301076,1909f56bfc062723c751e8b465ee728b)  -> (artifact id: '334151d02684f3030c3372f300964bc2') in 0.053589 seconds 
========================================================================
Received Import Request.
  Time since last request: 0.000025 seconds.
  path: Assets/Materials/Testing/BikeExternal.mat
  artifactKey: Guid(1949d4c41f9ea264f8e2616742c7da13) Importer(815301076,1909f56bfc062723c751e8b465ee728b)
Start importing Assets/Materials/Testing/BikeExternal.mat using Guid(1949d4c41f9ea264f8e2616742c7da13) Importer(815301076,1909f56bfc062723c751e8b465ee728b)  -> (artifact id: 'e2e5d63c617351bb783514b43bbe0caa') in 0.026127 seconds 
========================================================================
Received Import Request.
  Time since last request: 0.000025 seconds.
  path: Assets/Audio/Weapons/Homemade Library/Fire/Beam/BigBeamLoop.mp3
  artifactKey: Guid(24f8877f089cc544c878a85322a79a41) Importer(815301076,1909f56bfc062723c751e8b465ee728b)
Start importing Assets/Audio/Weapons/Homemade Library/Fire/Beam/BigBeamLoop.mp3 using Guid(24f8877f089cc544c878a85322a79a41) Importer(815301076,1909f56bfc062723c751e8b465ee728b)  -> (artifact id: '349b4778dee5c29cd7f61270841e3c3a') in 0.023852 seconds 
========================================================================
Received Import Request.
  Time since last request: 0.000018 seconds.
  path: Assets/textures/ParticleTextures/blast_modular.mat
  artifactKey: Guid(e6e9b57408efeb544834ceedd2301abc) Importer(815301076,1909f56bfc062723c751e8b465ee728b)
Start importing Assets/textures/ParticleTextures/blast_modular.mat using Guid(e6e9b57408efeb544834ceedd2301abc) Importer(815301076,1909f56bfc062723c751e8b465ee728b)  -> (artifact id: 'c15225ef5c3b8825a19cdcead595740e') in 0.051776 seconds 
========================================================================
Received Import Request.
  Time since last request: 0.000019 seconds.
  path: Assets/textures/ParticleTextures/blast_modular.png
  artifactKey: Guid(7131ab7f71bfc50449e96a286abdc31b) Importer(815301076,1909f56bfc062723c751e8b465ee728b)
Start importing Assets/textures/ParticleTextures/blast_modular.png using Guid(7131ab7f71bfc50449e96a286abdc31b) Importer(815301076,1909f56bfc062723c751e8b465ee728b)  -> (artifact id: '67f76b66457e1acd09419c36fec70f7c') in 0.020550 seconds 
========================================================================
Received Import Request.
  Time since last request: 0.000022 seconds.
  path: Assets/textures/ParticleTextures/Materials/bigglow_red.mat
  artifactKey: Guid(8cd2d8e1afb75e647b44779efc37d9f7) Importer(815301076,1909f56bfc062723c751e8b465ee728b)
Start importing Assets/textures/ParticleTextures/Materials/bigglow_red.mat using Guid(8cd2d8e1afb75e647b44779efc37d9f7) Importer(815301076,1909f56bfc062723c751e8b465ee728b)  -> (artifact id: '5e5a4763b1b0355ab71675076ba4e2b6') in 0.078424 seconds 
========================================================================
Received Import Request.
  Time since last request: 0.000024 seconds.
  path: Assets/textures/Environment/CheckerAlbedo.tif
  artifactKey: Guid(6a4ef961bc461724e9bbc090b92b88e4) Importer(815301076,1909f56bfc062723c751e8b465ee728b)
Start importing Assets/textures/Environment/CheckerAlbedo.tif using Guid(6a4ef961bc461724e9bbc090b92b88e4) Importer(815301076,1909f56bfc062723c751e8b465ee728b)  -> (artifact id: '15ba4397000cbc48336bcbfac58c72c1') in 0.026392 seconds 
========================================================================
Received Import Request.
  Time since last request: 0.000031 seconds.
  path: Assets/Particles/Beams/small/BeamLaserEndYellow.prefab
  artifactKey: Guid(c9e3cc0824da7d543b49d7ced411050f) Importer(815301076,1909f56bfc062723c751e8b465ee728b)
Start importing Assets/Particles/Beams/small/BeamLaserEndYellow.prefab using Guid(c9e3cc0824da7d543b49d7ced411050f) Importer(815301076,1909f56bfc062723c751e8b465ee728b)  -> (artifact id: 'd98297b7f041c03f7bb0562ccf1a3180') in 0.045607 seconds 
========================================================================
Received Import Request.
  Time since last request: 0.000026 seconds.
  path: Assets/Audio/Explosions/HomeMadeLibrary/debrisexplode.wav
  artifactKey: Guid(f27105ce41305a34bb3d6faf1a020b1b) Importer(815301076,1909f56bfc062723c751e8b465ee728b)
Start importing Assets/Audio/Explosions/HomeMadeLibrary/debrisexplode.wav using Guid(f27105ce41305a34bb3d6faf1a020b1b) Importer(815301076,1909f56bfc062723c751e8b465ee728b)  -> (artifact id: 'c864ceb302e372c327b06f051aaa25df') in 0.018396 seconds 
========================================================================
Received Import Request.
  Time since last request: 0.000024 seconds.
  path: Assets/Materials/Vehicles/BurnableCar.mat
  artifactKey: Guid(ea014b39180b44e44aba69c2de8b7f80) Importer(815301076,1909f56bfc062723c751e8b465ee728b)
Start importing Assets/Materials/Vehicles/BurnableCar.mat using Guid(ea014b39180b44e44aba69c2de8b7f80) Importer(815301076,1909f56bfc062723c751e8b465ee728b)  -> (artifact id: 'efa13725f6042517610846f63d17036d') in 0.177778 seconds 
Editor requested this worker to shutdown with reason: Scaling down because of idle timeout
AssetImportWorker is now disconnected from the server
Process exiting
Exiting without the bug reporter. Application will terminate with return code 0