Using pre-set license
Built from '2022.1/staging' branch; Version is '2022.1.23f1 (9636b062134a) revision 9844400'; Using compiler version '192829333'; Build Type 'Release'
OS: 'Windows 10  (10.0.19045) 64bit Enterprise' Language: 'en' Physical Memory: 32452 MB
BatchMode: 1, IsHumanControllingUs: 0, StartBugReporterOnCrash: 0, Is64bit: 1, IsPro: 1

COMMAND LINE ARGUMENTS:
C:\Program Files\Unity\Hub\Editor\2022.1.23f1\Editor\Unity.exe
-adb2
-batchMode
-noUpm
-name
AssetImportWorker2
-projectPath
C:/Users/xz18677/ID_Gun
-logFile
Logs/AssetImportWorker2.log
-srvPort
54989
Successfully changed project path to: C:/Users/xz18677/ID_Gun
C:/Users/xz18677/ID_Gun
[UnityMemory] Configuration Parameters - Can be set up in boot.config
    "memorysetup-bucket-allocator-granularity=16"
    "memorysetup-bucket-allocator-bucket-count=8"
    "memorysetup-bucket-allocator-block-size=33554432"
    "memorysetup-bucket-allocator-block-count=8"
    "memorysetup-main-allocator-block-size=16777216"
    "memorysetup-thread-allocator-block-size=16777216"
    "memorysetup-gfx-main-allocator-block-size=16777216"
    "memorysetup-gfx-thread-allocator-block-size=16777216"
    "memorysetup-cache-allocator-block-size=4194304"
    "memorysetup-typetree-allocator-block-size=2097152"
    "memorysetup-profiler-bucket-allocator-granularity=16"
    "memorysetup-profiler-bucket-allocator-bucket-count=8"
    "memorysetup-profiler-bucket-allocator-block-size=33554432"
    "memorysetup-profiler-bucket-allocator-block-count=8"
    "memorysetup-profiler-allocator-block-size=16777216"
    "memorysetup-profiler-editor-allocator-block-size=1048576"
    "memorysetup-temp-allocator-size-main=16777216"
    "memorysetup-job-temp-allocator-block-size=2097152"
    "memorysetup-job-temp-allocator-block-size-background=1048576"
    "memorysetup-job-temp-allocator-reduction-small-platforms=262144"
    "memorysetup-temp-allocator-size-background-worker=32768"
    "memorysetup-temp-allocator-size-job-worker=262144"
    "memorysetup-temp-allocator-size-preload-manager=33554432"
    "memorysetup-temp-allocator-size-nav-mesh-worker=65536"
    "memorysetup-temp-allocator-size-audio-worker=65536"
    "memorysetup-temp-allocator-size-cloud-worker=32768"
    "memorysetup-temp-allocator-size-gi-baking-worker=262144"
    "memorysetup-temp-allocator-size-gfx=262144"
Refreshing native plugins compatible for Editor in 81.88 ms, found 3 plugins.
Preloading 0 native plugins for Editor in 0.00 ms.
Initialize engine version: 2022.1.23f1 (9636b062134a)
[Subsystems] Discovering subsystems at path C:/Program Files/Unity/Hub/Editor/2022.1.23f1/Editor/Data/Resources/UnitySubsystems
[Subsystems] Discovering subsystems at path C:/Users/xz18677/ID_Gun/Assets
GfxDevice: creating device client; threaded=0; jobified=0
Direct3D:
    Version:  Direct3D 11.0 [level 11.1]
    Renderer: NVIDIA GeForce MX550 (ID=0x1f9f)
    Vendor:   NVIDIA
    VRAM:     1919 MB
    Driver:   31.0.15.3645
Initialize mono
Mono path[0] = 'C:/Program Files/Unity/Hub/Editor/2022.1.23f1/Editor/Data/Managed'
Mono path[1] = 'C:/Program Files/Unity/Hub/Editor/2022.1.23f1/Editor/Data/MonoBleedingEdge/lib/mono/unityjit-win32'
Mono config path = 'C:/Program Files/Unity/Hub/Editor/2022.1.23f1/Editor/Data/MonoBleedingEdge/etc'
Using monoOptions --debugger-agent=transport=dt_socket,embedding=1,server=y,suspend=n,address=127.0.0.1:56368
Begin MonoManager ReloadAssembly
Registering precompiled unity dll's ...
Register platform support module: C:/Program Files/Unity/Hub/Editor/2022.1.23f1/Editor/Data/PlaybackEngines/WebGLSupport/UnityEditor.WebGL.Extensions.dll
Register platform support module: C:/Program Files/Unity/Hub/Editor/2022.1.23f1/Editor/Data/PlaybackEngines/MacStandaloneSupport/UnityEditor.OSXStandalone.Extensions.dll
Register platform support module: C:/Program Files/Unity/Hub/Editor/2022.1.23f1/Editor/Data/PlaybackEngines/AndroidPlayer/UnityEditor.Android.Extensions.dll
Register platform support module: C:/Program Files/Unity/Hub/Editor/2022.1.23f1/Editor/Data/PlaybackEngines/iOSSupport/UnityEditor.iOS.Extensions.dll
Register platform support module: C:/Program Files/Unity/Hub/Editor/2022.1.23f1/Editor/Data/PlaybackEngines/WindowsStandaloneSupport/UnityEditor.WindowsStandalone.Extensions.dll
Register platform support module: C:/Program Files/Unity/Hub/Editor/2022.1.23f1/Editor/Data/PlaybackEngines/LinuxStandaloneSupport/UnityEditor.LinuxStandalone.Extensions.dll
Registered in 0.012537 seconds.
Native extension for LinuxStandalone target not found
Native extension for WindowsStandalone target not found
[usbmuxd] Start listen thread
[usbmuxd] Listen thread started
Native extension for iOS target not found
Native extension for Android target not found
Native extension for OSXStandalone target not found
Native extension for WebGL target not found
Refreshing native plugins compatible for Editor in 63.71 ms, found 3 plugins.
Preloading 0 native plugins for Editor in 0.00 ms.
Mono: successfully reloaded assembly
- Completed reload, in  0.860 seconds
Domain Reload Profiling:
	ReloadAssembly (860ms)
		BeginReloadAssembly (109ms)
			ExecutionOrderSort (0ms)
			DisableScriptedObjects (0ms)
			BackupInstance (0ms)
			ReleaseScriptingObjects (0ms)
			CreateAndSetChildDomain (1ms)
		EndReloadAssembly (611ms)
			LoadAssemblies (110ms)
			RebuildTransferFunctionScriptingTraits (0ms)
			SetupTypeCache (161ms)
				TypeCache.Initialize (161ms)
					TypeCache.ScanAssembly (159ms)
				ResolveRequiredComponents (1ms)
			ReleaseScriptCaches (0ms)
			RebuildScriptCaches (34ms)
			SetupLoadedEditorAssemblies (343ms)
				LogAssemblyErrors (0ms)
				InitializePlatformSupportModulesInManaged (97ms)
				SetLoadedEditorAssemblies (11ms)
				RefreshPlugins (64ms)
				BeforeProcessingInitializeOnLoad (1ms)
				ProcessInitializeOnLoadAttributes (123ms)
				ProcessInitializeOnLoadMethodAttributes (47ms)
				AfterProcessingInitializeOnLoad (0ms)
				EditorAssembliesLoaded (0ms)
			ExecutionOrderSort2 (0ms)
			AwakeInstancesAfterBackupRestoration (0ms)
Platform modules already initialized, skipping
Registering precompiled user dll's ...
Registered in 0.006960 seconds.
Android Extension - Scanning For ADB Devices 4973 ms
Begin MonoManager ReloadAssembly
Symbol file LoadedFromMemory doesn't match image C:\Users\xz18677\ID_Gun\Library\PackageCache\com.unity.visualscripting@1.7.8\Editor\VisualScripting.Core\Dependencies\YamlDotNet\Unity.VisualScripting.YamlDotNet.dll
Symbol file LoadedFromMemory doesn't match image C:\Users\xz18677\ID_Gun\Library\PackageCache\com.unity.visualscripting@1.7.8\Editor\VisualScripting.Core\Dependencies\DotNetZip\Unity.VisualScripting.IonicZip.dll
Native extension for LinuxStandalone target not found
Native extension for WindowsStandalone target not found
Native extension for iOS target not found
Native extension for Android target not found
Native extension for OSXStandalone target not found
Native extension for WebGL target not found
Refreshing native plugins compatible for Editor in 0.43 ms, found 3 plugins.
Preloading 0 native plugins for Editor in 0.00 ms.
Mono: successfully reloaded assembly
- Completed reload, in 11.590 seconds
Domain Reload Profiling:
	ReloadAssembly (11592ms)
		BeginReloadAssembly (3828ms)
			ExecutionOrderSort (0ms)
			DisableScriptedObjects (7ms)
			BackupInstance (0ms)
			ReleaseScriptingObjects (0ms)
			CreateAndSetChildDomain (27ms)
		EndReloadAssembly (7328ms)
			LoadAssemblies (8438ms)
			RebuildTransferFunctionScriptingTraits (0ms)
			SetupTypeCache (1120ms)
				TypeCache.Initialize (1116ms)
					TypeCache.ScanAssembly (1112ms)
				ResolveRequiredComponents (4ms)
			ReleaseScriptCaches (0ms)
			RebuildScriptCaches (38ms)
			SetupLoadedEditorAssemblies (1357ms)
				LogAssemblyErrors (0ms)
				InitializePlatformSupportModulesInManaged (43ms)
				SetLoadedEditorAssemblies (7ms)
				RefreshPlugins (0ms)
				BeforeProcessingInitializeOnLoad (61ms)
				ProcessInitializeOnLoadAttributes (310ms)
				ProcessInitializeOnLoadMethodAttributes (925ms)
				AfterProcessingInitializeOnLoad (12ms)
				EditorAssembliesLoaded (0ms)
			ExecutionOrderSort2 (0ms)
			AwakeInstancesAfterBackupRestoration (11ms)
Platform modules already initialized, skipping
========================================================================
Worker process is ready to serve import requests
Launched and connected shader compiler UnityShaderCompiler.exe after 0.06 seconds
Refreshing native plugins compatible for Editor in 0.44 ms, found 3 plugins.
Preloading 0 native plugins for Editor in 0.00 ms.
Unloading 3385 Unused Serialized files (Serialized files now loaded: 0)
Unloading 26 unused Assets / (58.2 KB). Loaded Objects now: 3848.
Memory consumption went from 0.51 GB to 0.51 GB.
Total: 2.828200 ms (FindLiveObjects: 0.293700 ms CreateObjectMapping: 0.140100 ms MarkObjects: 2.336800 ms  DeleteObjects: 0.056500 ms)

AssetImportParameters requested are different than current active one (requested -> active):
  custom:video-decoder-ogg-theora: a1e56fd34408186e4bbccfd4996cb3dc -> 
  custom:container-muxer-webm: aa71ff27fc2769a1b78a27578f13a17b -> 
  custom:container-demuxer-webm: 4f35f7cbe854078d1ac9338744f61a02 -> 
  custom:video-encoder-webm-vp8: eb34c28f22e8b96e1ab97ce403110664 -> 
  custom:video-codec-MediaFoundation-h265: 746d11721c4dcdbdad8f713fa42b33f4 -> 
  custom:audio-encoder-webm-vorbis: bf7c407c2cedff20999df2af8eb42d56 -> 
  custom:framework-win-MediaFoundation: 216162199b28c13a410421893ffa2e32 -> 
  custom:container-demuxer-ogg: 62fdf1f143b41e24485cea50d1cbac27 -> 
  custom:video-decoder-webm-vp8: 9c59270c3fd7afecdb556c50c9e8de78 -> 
  custom:audio-decoder-ogg-vorbis: bf7c407c2cedff20999df2af8eb42d56 -> 
========================================================================
Received Import Request.
  Time since last request: 263993.575575 seconds.
  path: Assets/Audio/Weapons/StockLibrary/Impact
  artifactKey: Guid(35011a1704a1ce743b7d390dbc311028) Importer(815301076,1909f56bfc062723c751e8b465ee728b)
Start importing Assets/Audio/Weapons/StockLibrary/Impact using Guid(35011a1704a1ce743b7d390dbc311028) Importer(815301076,1909f56bfc062723c751e8b465ee728b)  -> (artifact id: 'a679455cf8468001d6f568f0278e79bc') in 0.014696 seconds 
========================================================================
Received Import Request.
  Time since last request: 2.396085 seconds.
  path: Assets/Audio/Weapons/Thunderhumper
  artifactKey: Guid(d18867e585e381448867443b341a3561) Importer(815301076,1909f56bfc062723c751e8b465ee728b)
Start importing Assets/Audio/Weapons/Thunderhumper using Guid(d18867e585e381448867443b341a3561) Importer(815301076,1909f56bfc062723c751e8b465ee728b)  -> (artifact id: 'b573482efa8d199f6bb3c618774decf1') in 0.012786 seconds 
========================================================================
Received Import Request.
  Time since last request: 0.336479 seconds.
  path: Assets/Audio/Weapons/TestWeapon
  artifactKey: Guid(5199e22c3bf3ec04e8537edbc41e11ff) Importer(815301076,1909f56bfc062723c751e8b465ee728b)
Start importing Assets/Audio/Weapons/TestWeapon using Guid(5199e22c3bf3ec04e8537edbc41e11ff) Importer(815301076,1909f56bfc062723c751e8b465ee728b)  -> (artifact id: '1286bcb7ccd684298dfbec0ca82bac10') in 0.009316 seconds 
========================================================================
Received Import Request.
  Time since last request: 8.418156 seconds.
  path: Assets/Audio/Weapons/Homemade Library/potato
  artifactKey: Guid(a36d9ef7d3474b34e8737430e934ea00) Importer(815301076,1909f56bfc062723c751e8b465ee728b)
Start importing Assets/Audio/Weapons/Homemade Library/potato using Guid(a36d9ef7d3474b34e8737430e934ea00) Importer(815301076,1909f56bfc062723c751e8b465ee728b)  -> (artifact id: '34ab58322c92ac5748400ef61a87a6cf') in 0.013093 seconds 
========================================================================
Received Import Request.
  Time since last request: 28.442810 seconds.
  path: Assets/Audio/Weapons/Homemade Library/Impact/Crash
  artifactKey: Guid(6e5ec317c7ce0dc4da9f9182e53d852e) Importer(815301076,1909f56bfc062723c751e8b465ee728b)
Start importing Assets/Audio/Weapons/Homemade Library/Impact/Crash using Guid(6e5ec317c7ce0dc4da9f9182e53d852e) Importer(815301076,1909f56bfc062723c751e8b465ee728b)  -> (artifact id: 'cf0de2a808ef15720501e2b3a3b3936f') in 0.012542 seconds 
========================================================================
Received Import Request.
  Time since last request: 32.484642 seconds.
  path: Assets/Audio/Driving SFX.mixer
  artifactKey: Guid(6f80facb563f33b41ae7c0ae3ad76d19) Importer(815301076,1909f56bfc062723c751e8b465ee728b)
Start importing Assets/Audio/Driving SFX.mixer using Guid(6f80facb563f33b41ae7c0ae3ad76d19) Importer(815301076,1909f56bfc062723c751e8b465ee728b)  -> (artifact id: '83a692a593bbe89ad326f726e1edfce8') in 0.058395 seconds 
========================================================================
Received Import Request.
  Time since last request: 4.467215 seconds.
  path: Assets/Audio/Weapons
  artifactKey: Guid(649ae8aa70e86bc4da8d2ba41c9a7b0b) Importer(815301076,1909f56bfc062723c751e8b465ee728b)
Start importing Assets/Audio/Weapons using Guid(649ae8aa70e86bc4da8d2ba41c9a7b0b) Importer(815301076,1909f56bfc062723c751e8b465ee728b)  -> (artifact id: 'e510f371de94e8ae18b0d33ff7438e58') in 0.012793 seconds 
========================================================================
Received Import Request.
  Time since last request: 45.238973 seconds.
  path: Assets/Audio/Weapons/Homemade Library/fire 1.wav
  artifactKey: Guid(4cb091561f8efa944a3f05bf1423c4f3) Importer(815301076,1909f56bfc062723c751e8b465ee728b)
Start importing Assets/Audio/Weapons/Homemade Library/fire 1.wav using Guid(4cb091561f8efa944a3f05bf1423c4f3) Importer(815301076,1909f56bfc062723c751e8b465ee728b)  -> (artifact id: '14b774220056f0143042975d6529254c') in 0.138358 seconds 
========================================================================
Received Prepare
Registering precompiled user dll's ...
Registered in 0.008394 seconds.
Begin MonoManager ReloadAssembly
Symbol file LoadedFromMemory doesn't match image C:\Users\xz18677\ID_Gun\Library\PackageCache\com.unity.visualscripting@1.7.8\Editor\VisualScripting.Core\Dependencies\YamlDotNet\Unity.VisualScripting.YamlDotNet.dll
Symbol file LoadedFromMemory doesn't match image C:\Users\xz18677\ID_Gun\Library\PackageCache\com.unity.visualscripting@1.7.8\Editor\VisualScripting.Core\Dependencies\DotNetZip\Unity.VisualScripting.IonicZip.dll
Native extension for LinuxStandalone target not found
Native extension for WindowsStandalone target not found
Native extension for iOS target not found
Native extension for Android target not found
Native extension for OSXStandalone target not found
Native extension for WebGL target not found
Refreshing native plugins compatible for Editor in 0.78 ms, found 3 plugins.
Preloading 0 native plugins for Editor in 0.00 ms.
Mono: successfully reloaded assembly
- Completed reload, in  1.029 seconds
Domain Reload Profiling:
	ReloadAssembly (1030ms)
		BeginReloadAssembly (122ms)
			ExecutionOrderSort (0ms)
			DisableScriptedObjects (3ms)
			BackupInstance (0ms)
			ReleaseScriptingObjects (0ms)
			CreateAndSetChildDomain (30ms)
		EndReloadAssembly (828ms)
			LoadAssemblies (81ms)
			RebuildTransferFunctionScriptingTraits (0ms)
			SetupTypeCache (270ms)
				TypeCache.Initialize (267ms)
					TypeCache.ScanAssembly (261ms)
				ResolveRequiredComponents (3ms)
			ReleaseScriptCaches (1ms)
			RebuildScriptCaches (42ms)
			SetupLoadedEditorAssemblies (379ms)
				LogAssemblyErrors (0ms)
				InitializePlatformSupportModulesInManaged (47ms)
				SetLoadedEditorAssemblies (7ms)
				RefreshPlugins (1ms)
				BeforeProcessingInitializeOnLoad (66ms)
				ProcessInitializeOnLoadAttributes (224ms)
				ProcessInitializeOnLoadMethodAttributes (25ms)
				AfterProcessingInitializeOnLoad (10ms)
				EditorAssembliesLoaded (0ms)
			ExecutionOrderSort2 (0ms)
			AwakeInstancesAfterBackupRestoration (11ms)
Platform modules already initialized, skipping
Refreshing native plugins compatible for Editor in 3.02 ms, found 3 plugins.
Preloading 0 native plugins for Editor in 0.00 ms.
Unloading 3378 Unused Serialized files (Serialized files now loaded: 0)
Unloading 19 unused Assets / (25.4 KB). Loaded Objects now: 3862.
Memory consumption went from 0.51 GB to 0.51 GB.
Total: 2.797000 ms (FindLiveObjects: 0.252800 ms CreateObjectMapping: 0.089100 ms MarkObjects: 2.431200 ms  DeleteObjects: 0.021700 ms)

AssetImportParameters requested are different than current active one (requested -> active):
  custom:video-decoder-ogg-theora: a1e56fd34408186e4bbccfd4996cb3dc -> 
  custom:container-muxer-webm: aa71ff27fc2769a1b78a27578f13a17b -> 
  custom:container-demuxer-webm: 4f35f7cbe854078d1ac9338744f61a02 -> 
  custom:video-encoder-webm-vp8: eb34c28f22e8b96e1ab97ce403110664 -> 
  custom:video-codec-MediaFoundation-h265: 746d11721c4dcdbdad8f713fa42b33f4 -> 
  custom:audio-encoder-webm-vorbis: bf7c407c2cedff20999df2af8eb42d56 -> 
  custom:framework-win-MediaFoundation: 216162199b28c13a410421893ffa2e32 -> 
  custom:container-demuxer-ogg: 62fdf1f143b41e24485cea50d1cbac27 -> 
  custom:video-decoder-webm-vp8: 9c59270c3fd7afecdb556c50c9e8de78 -> 
  custom:audio-decoder-ogg-vorbis: bf7c407c2cedff20999df2af8eb42d56 -> 
========================================================================
Received Prepare
Registering precompiled user dll's ...
Registered in 0.006593 seconds.
Begin MonoManager ReloadAssembly
Symbol file LoadedFromMemory doesn't match image C:\Users\xz18677\ID_Gun\Library\PackageCache\com.unity.visualscripting@1.7.8\Editor\VisualScripting.Core\Dependencies\YamlDotNet\Unity.VisualScripting.YamlDotNet.dll
Symbol file LoadedFromMemory doesn't match image C:\Users\xz18677\ID_Gun\Library\PackageCache\com.unity.visualscripting@1.7.8\Editor\VisualScripting.Core\Dependencies\DotNetZip\Unity.VisualScripting.IonicZip.dll
Native extension for LinuxStandalone target not found
Native extension for WindowsStandalone target not found
Native extension for iOS target not found
Native extension for Android target not found
Native extension for OSXStandalone target not found
Native extension for WebGL target not found
Refreshing native plugins compatible for Editor in 0.42 ms, found 3 plugins.
Preloading 0 native plugins for Editor in 0.00 ms.
Mono: successfully reloaded assembly
- Completed reload, in  1.000 seconds
Domain Reload Profiling:
	ReloadAssembly (1001ms)
		BeginReloadAssembly (109ms)
			ExecutionOrderSort (0ms)
			DisableScriptedObjects (5ms)
			BackupInstance (0ms)
			ReleaseScriptingObjects (0ms)
			CreateAndSetChildDomain (25ms)
		EndReloadAssembly (778ms)
			LoadAssemblies (84ms)
			RebuildTransferFunctionScriptingTraits (0ms)
			SetupTypeCache (237ms)
				TypeCache.Initialize (233ms)
					TypeCache.ScanAssembly (226ms)
				ResolveRequiredComponents (5ms)
			ReleaseScriptCaches (1ms)
			RebuildScriptCaches (40ms)
			SetupLoadedEditorAssemblies (353ms)
				LogAssemblyErrors (0ms)
				InitializePlatformSupportModulesInManaged (40ms)
				SetLoadedEditorAssemblies (5ms)
				RefreshPlugins (0ms)
				BeforeProcessingInitializeOnLoad (61ms)
				ProcessInitializeOnLoadAttributes (215ms)
				ProcessInitializeOnLoadMethodAttributes (19ms)
				AfterProcessingInitializeOnLoad (11ms)
				EditorAssembliesLoaded (0ms)
			ExecutionOrderSort2 (0ms)
			AwakeInstancesAfterBackupRestoration (11ms)
Platform modules already initialized, skipping
Refreshing native plugins compatible for Editor in 3.14 ms, found 3 plugins.
Preloading 0 native plugins for Editor in 0.00 ms.
Unloading 3379 Unused Serialized files (Serialized files now loaded: 0)
Unloading 19 unused Assets / (32.5 KB). Loaded Objects now: 3865.
Memory consumption went from 0.51 GB to 0.51 GB.
Total: 3.636800 ms (FindLiveObjects: 0.293600 ms CreateObjectMapping: 0.107800 ms MarkObjects: 3.210000 ms  DeleteObjects: 0.024100 ms)

AssetImportParameters requested are different than current active one (requested -> active):
  custom:video-decoder-ogg-theora: a1e56fd34408186e4bbccfd4996cb3dc -> 
  custom:container-muxer-webm: aa71ff27fc2769a1b78a27578f13a17b -> 
  custom:container-demuxer-webm: 4f35f7cbe854078d1ac9338744f61a02 -> 
  custom:video-encoder-webm-vp8: eb34c28f22e8b96e1ab97ce403110664 -> 
  custom:video-codec-MediaFoundation-h265: 746d11721c4dcdbdad8f713fa42b33f4 -> 
  custom:audio-encoder-webm-vorbis: bf7c407c2cedff20999df2af8eb42d56 -> 
  custom:framework-win-MediaFoundation: 216162199b28c13a410421893ffa2e32 -> 
  custom:container-demuxer-ogg: 62fdf1f143b41e24485cea50d1cbac27 -> 
  custom:video-decoder-webm-vp8: 9c59270c3fd7afecdb556c50c9e8de78 -> 
  custom:audio-decoder-ogg-vorbis: bf7c407c2cedff20999df2af8eb42d56 -> 
========================================================================
Received Import Request.
  Time since last request: 94.782382 seconds.
  path: Assets/phaserImpact.prefab
  artifactKey: Guid(d043a43921f14b54ca0a0fe9327faf28) Importer(815301076,1909f56bfc062723c751e8b465ee728b)
Start importing Assets/phaserImpact.prefab using Guid(d043a43921f14b54ca0a0fe9327faf28) Importer(815301076,1909f56bfc062723c751e8b465ee728b)  -> (artifact id: '2c5a58d7eb62791ed21b6d28e761bfda') in 0.147413 seconds 
========================================================================
Received Import Request.
  Time since last request: 49.641864 seconds.
  path: Assets/PhaserMuzzle.prefab
  artifactKey: Guid(974331a601af6e144b3bdb26cdf6cbe8) Importer(815301076,1909f56bfc062723c751e8b465ee728b)
Start importing Assets/PhaserMuzzle.prefab using Guid(974331a601af6e144b3bdb26cdf6cbe8) Importer(815301076,1909f56bfc062723c751e8b465ee728b)  -> (artifact id: 'b26affefbb4a3e0d4f6b2a21478469a4') in 0.030446 seconds 
========================================================================
Received Import Request.
  Time since last request: 2.369661 seconds.
  path: Assets/Materials/Particles/Explosives and Projectiles/Glow/glow_noisy.mat
  artifactKey: Guid(75ff8017837d2f840bd0ebeb21b9e39b) Importer(815301076,1909f56bfc062723c751e8b465ee728b)
Start importing Assets/Materials/Particles/Explosives and Projectiles/Glow/glow_noisy.mat using Guid(75ff8017837d2f840bd0ebeb21b9e39b) Importer(815301076,1909f56bfc062723c751e8b465ee728b)  -> (artifact id: '8894ab5b2a1ed8caa11c38554caa72d2') in 0.050362 seconds 
========================================================================
Received Prepare
Registering precompiled user dll's ...
Registered in 0.003506 seconds.
Begin MonoManager ReloadAssembly
Symbol file LoadedFromMemory doesn't match image C:\Users\xz18677\ID_Gun\Library\PackageCache\com.unity.visualscripting@1.7.8\Editor\VisualScripting.Core\Dependencies\YamlDotNet\Unity.VisualScripting.YamlDotNet.dll
Symbol file LoadedFromMemory doesn't match image C:\Users\xz18677\ID_Gun\Library\PackageCache\com.unity.visualscripting@1.7.8\Editor\VisualScripting.Core\Dependencies\DotNetZip\Unity.VisualScripting.IonicZip.dll
Native extension for LinuxStandalone target not found
Native extension for WindowsStandalone target not found
Native extension for iOS target not found
Native extension for Android target not found
Native extension for OSXStandalone target not found
Native extension for WebGL target not found
Refreshing native plugins compatible for Editor in 0.40 ms, found 3 plugins.
Preloading 0 native plugins for Editor in 0.00 ms.
Mono: successfully reloaded assembly
- Completed reload, in  1.014 seconds
Domain Reload Profiling:
	ReloadAssembly (1015ms)
		BeginReloadAssembly (146ms)
			ExecutionOrderSort (0ms)
			DisableScriptedObjects (5ms)
			BackupInstance (0ms)
			ReleaseScriptingObjects (0ms)
			CreateAndSetChildDomain (32ms)
		EndReloadAssembly (768ms)
			LoadAssemblies (107ms)
			RebuildTransferFunctionScriptingTraits (0ms)
			SetupTypeCache (294ms)
				TypeCache.Initialize (290ms)
					TypeCache.ScanAssembly (285ms)
				ResolveRequiredComponents (4ms)
			ReleaseScriptCaches (1ms)
			RebuildScriptCaches (27ms)
			SetupLoadedEditorAssemblies (315ms)
				LogAssemblyErrors (0ms)
				InitializePlatformSupportModulesInManaged (28ms)
				SetLoadedEditorAssemblies (5ms)
				RefreshPlugins (0ms)
				BeforeProcessingInitializeOnLoad (54ms)
				ProcessInitializeOnLoadAttributes (195ms)
				ProcessInitializeOnLoadMethodAttributes (24ms)
				AfterProcessingInitializeOnLoad (9ms)
				EditorAssembliesLoaded (0ms)
			ExecutionOrderSort2 (0ms)
			AwakeInstancesAfterBackupRestoration (9ms)
Platform modules already initialized, skipping
Refreshing native plugins compatible for Editor in 2.99 ms, found 3 plugins.
Preloading 0 native plugins for Editor in 0.00 ms.
Unloading 3379 Unused Serialized files (Serialized files now loaded: 0)
Unloading 19 unused Assets / (25.4 KB). Loaded Objects now: 3902.
Memory consumption went from 0.51 GB to 0.51 GB.
Total: 3.746300 ms (FindLiveObjects: 0.270700 ms CreateObjectMapping: 0.124000 ms MarkObjects: 3.327900 ms  DeleteObjects: 0.022800 ms)

AssetImportParameters requested are different than current active one (requested -> active):
  custom:video-decoder-ogg-theora: a1e56fd34408186e4bbccfd4996cb3dc -> 
  custom:container-muxer-webm: aa71ff27fc2769a1b78a27578f13a17b -> 
  custom:container-demuxer-webm: 4f35f7cbe854078d1ac9338744f61a02 -> 
  custom:video-encoder-webm-vp8: eb34c28f22e8b96e1ab97ce403110664 -> 
  custom:video-codec-MediaFoundation-h265: 746d11721c4dcdbdad8f713fa42b33f4 -> 
  custom:audio-encoder-webm-vorbis: bf7c407c2cedff20999df2af8eb42d56 -> 
  custom:framework-win-MediaFoundation: 216162199b28c13a410421893ffa2e32 -> 
  custom:container-demuxer-ogg: 62fdf1f143b41e24485cea50d1cbac27 -> 
  custom:video-decoder-webm-vp8: 9c59270c3fd7afecdb556c50c9e8de78 -> 
  custom:audio-decoder-ogg-vorbis: bf7c407c2cedff20999df2af8eb42d56 -> 
========================================================================
Received Import Request.
  Time since last request: 196.500155 seconds.
  path: Assets/Materials/Particles/Explosives and Projectiles/Bullet/bullet_yellow.mat
  artifactKey: Guid(aa552c16e4d871c49bd0ad62eec7bff3) Importer(815301076,1909f56bfc062723c751e8b465ee728b)
Start importing Assets/Materials/Particles/Explosives and Projectiles/Bullet/bullet_yellow.mat using Guid(aa552c16e4d871c49bd0ad62eec7bff3) Importer(815301076,1909f56bfc062723c751e8b465ee728b)  -> (artifact id: '95b0efcaf98229465626b6388acd7c5e') in 0.087831 seconds 
========================================================================
Received Import Request.
  Time since last request: 18.375657 seconds.
  path: Assets/phaserImpact.prefab
  artifactKey: Guid(d043a43921f14b54ca0a0fe9327faf28) Importer(815301076,1909f56bfc062723c751e8b465ee728b)
Start importing Assets/phaserImpact.prefab using Guid(d043a43921f14b54ca0a0fe9327faf28) Importer(815301076,1909f56bfc062723c751e8b465ee728b)  -> (artifact id: 'a903e0f9aeba813fe4cd0da8a2a05099') in 0.031827 seconds 
========================================================================
Received Import Request.
  Time since last request: 0.000025 seconds.
  path: Assets/YellowFireSmallMuzzleFlash.prefab
  artifactKey: Guid(edea8958165faad4ba741d714b996844) Importer(815301076,1909f56bfc062723c751e8b465ee728b)
Start importing Assets/YellowFireSmallMuzzleFlash.prefab using Guid(edea8958165faad4ba741d714b996844) Importer(815301076,1909f56bfc062723c751e8b465ee728b)  -> (artifact id: 'eea2fa440172f4bef1b1acb3a0bcaf24') in 0.026071 seconds 
========================================================================
Received Import Request.
  Time since last request: 0.000021 seconds.
  path: Assets/YellowFireRocketImpactV3.prefab
  artifactKey: Guid(d68c0fa57378eb94abad2c59ce1ac54b) Importer(815301076,1909f56bfc062723c751e8b465ee728b)
Start importing Assets/YellowFireRocketImpactV3.prefab using Guid(d68c0fa57378eb94abad2c59ce1ac54b) Importer(815301076,1909f56bfc062723c751e8b465ee728b)  -> (artifact id: '190e12f2fb3eed7b508dbfa413a305c5') in 0.043061 seconds 
========================================================================
Received Import Request.
  Time since last request: 28.691665 seconds.
  path: Assets/Health.cs
  artifactKey: Guid(2dbf044cc593f4446a5f282e6cc54c4a) Importer(815301076,1909f56bfc062723c751e8b465ee728b)
Start importing Assets/Health.cs using Guid(2dbf044cc593f4446a5f282e6cc54c4a) Importer(815301076,1909f56bfc062723c751e8b465ee728b)  -> (artifact id: 'cbd1e39fcce0db0b5e6c58c6d9764c7a') in 0.015654 seconds 
========================================================================
Received Prepare
Registering precompiled user dll's ...
Registered in 0.008434 seconds.
Begin MonoManager ReloadAssembly
Symbol file LoadedFromMemory doesn't match image C:\Users\xz18677\ID_Gun\Library\PackageCache\com.unity.visualscripting@1.7.8\Editor\VisualScripting.Core\Dependencies\YamlDotNet\Unity.VisualScripting.YamlDotNet.dll
Symbol file LoadedFromMemory doesn't match image C:\Users\xz18677\ID_Gun\Library\PackageCache\com.unity.visualscripting@1.7.8\Editor\VisualScripting.Core\Dependencies\DotNetZip\Unity.VisualScripting.IonicZip.dll
Native extension for LinuxStandalone target not found
Native extension for WindowsStandalone target not found
Native extension for iOS target not found
Native extension for Android target not found
Native extension for OSXStandalone target not found
Native extension for WebGL target not found
Refreshing native plugins compatible for Editor in 0.45 ms, found 3 plugins.
Preloading 0 native plugins for Editor in 0.00 ms.
Mono: successfully reloaded assembly
- Completed reload, in  1.120 seconds
Domain Reload Profiling:
	ReloadAssembly (1120ms)
		BeginReloadAssembly (153ms)
			ExecutionOrderSort (0ms)
			DisableScriptedObjects (3ms)
			BackupInstance (0ms)
			ReleaseScriptingObjects (0ms)
			CreateAndSetChildDomain (41ms)
		EndReloadAssembly (843ms)
			LoadAssemblies (114ms)
			RebuildTransferFunctionScriptingTraits (0ms)
			SetupTypeCache (307ms)
				TypeCache.Initialize (302ms)
					TypeCache.ScanAssembly (295ms)
				ResolveRequiredComponents (5ms)
			ReleaseScriptCaches (1ms)
			RebuildScriptCaches (31ms)
			SetupLoadedEditorAssemblies (363ms)
				LogAssemblyErrors (0ms)
				InitializePlatformSupportModulesInManaged (30ms)
				SetLoadedEditorAssemblies (7ms)
				RefreshPlugins (1ms)
				BeforeProcessingInitializeOnLoad (63ms)
				ProcessInitializeOnLoadAttributes (227ms)
				ProcessInitializeOnLoadMethodAttributes (26ms)
				AfterProcessingInitializeOnLoad (9ms)
				EditorAssembliesLoaded (0ms)
			ExecutionOrderSort2 (0ms)
			AwakeInstancesAfterBackupRestoration (9ms)
Platform modules already initialized, skipping
Refreshing native plugins compatible for Editor in 2.80 ms, found 3 plugins.
Preloading 0 native plugins for Editor in 0.00 ms.
Unloading 3380 Unused Serialized files (Serialized files now loaded: 0)
Unloading 19 unused Assets / (25.4 KB). Loaded Objects now: 3906.
Memory consumption went from 0.51 GB to 0.51 GB.
Total: 3.689300 ms (FindLiveObjects: 0.260000 ms CreateObjectMapping: 0.090200 ms MarkObjects: 3.308600 ms  DeleteObjects: 0.029100 ms)

AssetImportParameters requested are different than current active one (requested -> active):
  custom:video-decoder-ogg-theora: a1e56fd34408186e4bbccfd4996cb3dc -> 
  custom:container-muxer-webm: aa71ff27fc2769a1b78a27578f13a17b -> 
  custom:container-demuxer-webm: 4f35f7cbe854078d1ac9338744f61a02 -> 
  custom:video-encoder-webm-vp8: eb34c28f22e8b96e1ab97ce403110664 -> 
  custom:video-codec-MediaFoundation-h265: 746d11721c4dcdbdad8f713fa42b33f4 -> 
  custom:audio-encoder-webm-vorbis: bf7c407c2cedff20999df2af8eb42d56 -> 
  custom:framework-win-MediaFoundation: 216162199b28c13a410421893ffa2e32 -> 
  custom:container-demuxer-ogg: 62fdf1f143b41e24485cea50d1cbac27 -> 
  custom:video-decoder-webm-vp8: 9c59270c3fd7afecdb556c50c9e8de78 -> 
  custom:audio-decoder-ogg-vorbis: bf7c407c2cedff20999df2af8eb42d56 -> 
========================================================================
Received Import Request.
  Time since last request: 86.610202 seconds.
  path: Assets/Particles/Beams/BeamLaserEndOrange.prefab
  artifactKey: Guid(09b415cf98bf21a4a87d06fcf1b11a84) Importer(815301076,1909f56bfc062723c751e8b465ee728b)
Start importing Assets/Particles/Beams/BeamLaserEndOrange.prefab using Guid(09b415cf98bf21a4a87d06fcf1b11a84) Importer(815301076,1909f56bfc062723c751e8b465ee728b)  -> (artifact id: '1978b8c0c5e94d82367014ac93378d6f') in 0.083725 seconds 
========================================================================
Received Import Request.
  Time since last request: 0.000033 seconds.
  path: Assets/Particles/Explosions and Impacts/Fire/RedFireImpactV2.prefab
  artifactKey: Guid(1dadf691cda82fa44a8a66d7dd374612) Importer(815301076,1909f56bfc062723c751e8b465ee728b)
Start importing Assets/Particles/Explosions and Impacts/Fire/RedFireImpactV2.prefab using Guid(1dadf691cda82fa44a8a66d7dd374612) Importer(815301076,1909f56bfc062723c751e8b465ee728b)  -> (artifact id: '5fbf5a7e4d48f4150fc444badd33f37d') in 0.030352 seconds 
========================================================================
Received Import Request.
  Time since last request: 0.000039 seconds.
  path: Assets/Particles/Explosions and Impacts/Rockets/RocketImpactLarge.prefab
  artifactKey: Guid(8f6e0bdc9971d2848a1c6dd332649a11) Importer(815301076,1909f56bfc062723c751e8b465ee728b)
Start importing Assets/Particles/Explosions and Impacts/Rockets/RocketImpactLarge.prefab using Guid(8f6e0bdc9971d2848a1c6dd332649a11) Importer(815301076,1909f56bfc062723c751e8b465ee728b)  -> (artifact id: '44b58b410fae01f49e46775ba15ac518') in 0.034882 seconds 
========================================================================
Received Import Request.
  Time since last request: 0.000029 seconds.
  path: Assets/Particles/Missiles/Rockets/YellowRocketMissile.prefab
  artifactKey: Guid(a6b103e77aef3c54a8385bc10cbbbd21) Importer(815301076,1909f56bfc062723c751e8b465ee728b)
Start importing Assets/Particles/Missiles/Rockets/YellowRocketMissile.prefab using Guid(a6b103e77aef3c54a8385bc10cbbbd21) Importer(815301076,1909f56bfc062723c751e8b465ee728b)  -> (artifact id: 'ce4b80508c9cedbf97030b786e171be3') in 0.035050 seconds 
========================================================================
Received Import Request.
  Time since last request: 0.000029 seconds.
  path: Assets/Particles/Beams/BeamLaserStartOrange.prefab
  artifactKey: Guid(255092eaa2ad4ee43b3ccbb318023175) Importer(815301076,1909f56bfc062723c751e8b465ee728b)
Start importing Assets/Particles/Beams/BeamLaserStartOrange.prefab using Guid(255092eaa2ad4ee43b3ccbb318023175) Importer(815301076,1909f56bfc062723c751e8b465ee728b)  -> (artifact id: '02b9204ea3419760b7c9553948f7acce') in 0.040238 seconds 
========================================================================
Received Import Request.
  Time since last request: 0.000021 seconds.
  path: Assets/Particles/Explosions and Impacts/Fire/NutsNBoltsExplosion.prefab
  artifactKey: Guid(06280e626a8fddb41a9ec8cee7346b5e) Importer(815301076,1909f56bfc062723c751e8b465ee728b)
Start importing Assets/Particles/Explosions and Impacts/Fire/NutsNBoltsExplosion.prefab using Guid(06280e626a8fddb41a9ec8cee7346b5e) Importer(815301076,1909f56bfc062723c751e8b465ee728b)  -> (artifact id: '9a3127ce2661c1f3fe15734a2589220c') in 0.036705 seconds 
========================================================================
Received Import Request.
  Time since last request: 0.000029 seconds.
  path: Assets/Particles/Missiles/Fire/RedFireMissileV2.prefab
  artifactKey: Guid(ecacd47c0fc73ed479cc7d9a0903a49a) Importer(815301076,1909f56bfc062723c751e8b465ee728b)
Start importing Assets/Particles/Missiles/Fire/RedFireMissileV2.prefab using Guid(ecacd47c0fc73ed479cc7d9a0903a49a) Importer(815301076,1909f56bfc062723c751e8b465ee728b)  -> (artifact id: 'd151cd3c192683e426727a848984ef0c') in 0.028552 seconds 
========================================================================
Received Import Request.
  Time since last request: 0.000025 seconds.
  path: Assets/Particles/Beams/small/BeamLaserStartYellow.prefab
  artifactKey: Guid(538d800d4fefce9489b9d79264207d51) Importer(815301076,1909f56bfc062723c751e8b465ee728b)
Start importing Assets/Particles/Beams/small/BeamLaserStartYellow.prefab using Guid(538d800d4fefce9489b9d79264207d51) Importer(815301076,1909f56bfc062723c751e8b465ee728b)  -> (artifact id: '64bcb325dc0acf80c56d68a6af14ad6e') in 0.025290 seconds 
========================================================================
Received Import Request.
  Time since last request: 0.000030 seconds.
  path: Assets/Particles/Explosions and Impacts/Rockets/YellowFireRocketImpactV3.prefab
  artifactKey: Guid(c06575f5b5642894da5e0448519f93ab) Importer(815301076,1909f56bfc062723c751e8b465ee728b)
Start importing Assets/Particles/Explosions and Impacts/Rockets/YellowFireRocketImpactV3.prefab using Guid(c06575f5b5642894da5e0448519f93ab) Importer(815301076,1909f56bfc062723c751e8b465ee728b)  -> (artifact id: '2ee1293ee4db5d6e9df363b42875dd55') in 0.019057 seconds 
Editor requested this worker to shutdown with reason: Scaling down because of idle timeout
AssetImportWorker is now disconnected from the server
Process exiting
Exiting without the bug reporter. Application will terminate with return code 0